\BOOKMARK [1][-]{section.1}{\376\377\230\171\166\356\151\202\217\360}{}% 1
\BOOKMARK [1][-]{section.2}{\376\377\174\173\213\276\213\241\116\016\133\236\163\260}{}% 2
\BOOKMARK [2][-]{subsection.2.1}{\376\377\000G\000o\000m\000o\000k\000u\000B\000o\000a\000r\000d\174\173}{section.2}% 3
\BOOKMARK [3][-]{subsubsection.2.1.1}{\376\377\142\020\124\130\123\330\221\317}{subsection.2.1}% 4
\BOOKMARK [3][-]{subsubsection.2.1.2}{\376\377\121\163\225\056\145\271\154\325}{subsection.2.1}% 5
\BOOKMARK [2][-]{subsection.2.2}{\376\377\000A\000i\000P\000l\000a\000y\000e\000r\174\173}{section.2}% 6
\BOOKMARK [3][-]{subsubsection.2.2.1}{\376\377\150\070\137\303\145\271\154\325}{subsection.2.2}% 7
\BOOKMARK [2][-]{subsection.2.3}{\376\377\000G\000a\000m\000e\000W\000i\000n\000d\000o\000w\174\173}{section.2}% 8
\BOOKMARK [3][-]{subsubsection.2.3.1}{\376\377\156\070\142\017\155\101\172\013\143\247\122\066}{subsection.2.3}% 9
\BOOKMARK [2][-]{subsection.2.4}{\376\377\000R\000a\000t\000i\000n\000g\174\173}{section.2}% 10
\BOOKMARK [3][-]{subsubsection.2.4.1}{\376\377\150\070\137\303\145\271\154\325}{subsection.2.4}% 11
\BOOKMARK [3][-]{subsubsection.2.4.2}{\376\377\145\160\143\156\176\323\147\204}{subsection.2.4}% 12
\BOOKMARK [3][-]{subsubsection.2.4.3}{\376\377\145\207\116\366\133\130\120\250\150\074\137\017}{subsection.2.4}% 13
\BOOKMARK [1][-]{section.3}{\376\377\121\163\225\056\173\227\154\325}{}% 14
\BOOKMARK [2][-]{subsection.3.1}{\376\377\000A\000I\213\304\117\060\173\227\154\325}{section.3}% 15
\BOOKMARK [2][-]{subsection.3.2}{\376\377\200\334\163\207\176\337\213\241\173\227\154\325}{section.3}% 16
\BOOKMARK [1][-]{section.4}{\376\377\165\050\142\067\165\114\227\142\213\276\213\241}{}% 17
\BOOKMARK [1][-]{section.5}{\376\377\155\113\213\325}{}% 18
\BOOKMARK [2][-]{subsection.5.1}{\376\377\126\376\162\107\134\125\171\072}{section.5}% 19
\BOOKMARK [2][-]{subsection.5.2}{\376\377\162\110\147\054\213\364\146\016}{section.5}% 20
\BOOKMARK [1][-]{section.6}{\376\377\177\026\213\321\217\320\210\114\213\364\146\016}{}% 21
\BOOKMARK [2][-]{subsection.6.1}{\376\377\163\257\130\203\211\201\154\102}{section.6}% 22
\BOOKMARK [2][-]{subsection.6.2}{\376\377\177\026\213\321\153\145\232\244}{section.6}% 23
\BOOKMARK [2][-]{subsection.6.3}{\376\377\145\207\116\366\213\364\146\016}{section.6}% 24
\BOOKMARK [1][-]{section.7}{\376\377\122\006\135\345}{}% 25
